# 线上环境数据库查询卡住问题排查记录

## 背景

统一安全平台进行版本升级，升级内容包括数据库的升级，系统使用的是PostgreSQL数据库，从9.6版本升级至10.18版本。升级之后平台运维业务明显加载缓慢的情况，比较明显出现前端访问平台的个人运维资源页面，该页面的业务逻辑大概是去后台数据库关联查询该用户拥有的资产设备的权限并且进行列表展示，由于在该项目实际使用中，授权表、帐号表、资源表等基本信息表数据量较大，怀疑是由于升级数据库之后关联查询返回结果速度变慢的情况。

## 定位过程

通过arthas以及系统记录日志观察到一个查询数据库操作非常耗时，比较夸张的等待3分钟左右才返回结果。根据WEB日志中输出的sql执行日志中的sql语句直接拿到数据库执行仍然耗时，执行日志显示200s左右。

```sql
SELECT t2. ID resid, t1. ID slaveid, t2."name" resname, 
t1."name" || '*' slavename, t3."name" businessname, '' authmode, 
'' status, '' syncstatus, '' isshare, '' slavesync, '1' slavetype, 
t1.owner userId, '{}' "auth_time" 
FROM t_portal_slave_custom t1 
JOIN t_auth_res t2 ON t2. ID = t1.resid AND t2.status != 'del' 
JOIN t_auth_business t3 ON t3. ID = t2.businessid AND t3.status != 'del' 
WHERE t1. OWNER = '1' AND t1.status != 'del';
```

观察以下sql主要逻辑是查询表t_portal_slave_custom并且关联表t_auth_res和表t_auth_business。这3张表数据量比较大。数据库中出现慢sql现象很容易想到使用索引进行优化，那么继续分析这个慢SQL。

## EXPLAIN分析pgsql的性能

### explain

对于pgsql中查询性能的分析，也是通过EXPLAIN进行分析。通过explain分析SQL的性能。

```shell
basicframe=# explain SELECT t2. ID resid, 
t1. ID slaveid, t2."name" resname, t1."name" || '*' slavename, t3."name" businessname, '' authmode, '' status, 
'' syncstatus, '' isshare, '' slavesync, '1' slavetype, t1.owner userId, '{}' "auth_time" FROM t_portal_slave_custom
 t1 JOIN t_auth_res t2 ON t2. ID = t1.resid AND t2.status != 'del' JOIN t_auth_business t3 ON t3. ID = t2.businessid AND 
t3.status != 'del' WHERE t1. OWNER = '1' AND t1.status != 'del' ;
                                              QUERY PLAN                                               
-------------------------------------------------------------------------------------------------------
 Nested Loop  (cost=0.27..1578.55 rows=1 width=1346)
   ->  Nested Loop  (cost=0.00..1570.04 rows=1 width=1308)
         Join Filter: (t1.resid = (t2.id)::bpchar)
         ->  Seq Scan on t_auth_res t2  (cost=0.00..621.00 rows=1 width=654)
               Filter: ((status)::text <> 'del'::text)
         ->  Seq Scan on t_portal_slave_custom t1  (cost=0.00..948.86 rows=14 width=698)
               Filter: (((status)::text <> 'del'::text) AND ((owner)::text = '1'::text))
   ->  Index Scan using t_auth_business_pkey on t_auth_business t3  (cost=0.27..8.29 rows=1 width=436)
         Index Cond: ((id)::text = (t2.businessid)::text)
         Filter: ((status)::text <> 'del'::text)
(10 rows)
```

`Seq Scan` 表示的是全表扫描，就是从头扫尾扫描一遍表里面的数据。`(cost=0.00..621.00 rows=1 width=654)`的内容可以分成三部分

- cost=0.00..948.86  **cost后面有两个数字，中间使用`..`分割，第一个数字`0.00`表示启动的成本，也就是返回第一行需要多少cost值；第二行表示返回所有数据的成本。**
- rows=1  表示会返回1行
- width=654  表示每行的数据宽度为654字节

其中`cost`描述的是一个`sql`执行的代价。

### analyze

通过`explain analyze`可以看到更加精确的执行计划。

```shell
basicframe=# explain analyze SELECT t2. ID resid,                                           
t1. ID slaveid, t2."name" resname, t1."name" || '*' slavename, t3."name" businessname, '' authmode, '' status, 
'' syncstatus, '' isshare, '' slavesync, '1' slavetype, t1.owner userId, '{}' "auth_time" FROM t_portal_slave_custom
 t1 JOIN t_auth_res t2 ON t2. ID = t1.resid AND t2.status != 'del' JOIN t_auth_business t3 ON t3. ID = t2.businessid AND 
t3.status != 'del' WHERE t1. OWNER = '1' AND t1.status != 'del' ;
                                                               QUERY PLAN                                                                
-----------------------------------------------------------------------------------------------------------------------------------------
 Nested Loop  (cost=0.27..2202.38 rows=1 width=1346) (actual time=213226.424..213226.439 rows=0 loops=1)
   ->  Nested Loop  (cost=0.00..2193.86 rows=1 width=1308) (actual time=213226.423..213226.429 rows=0 loops=1)
         Join Filter: (t1.resid = (t2.id)::bpchar)
         ->  Seq Scan on t_auth_res t2  (cost=0.00..621.00 rows=1 width=654) (actual time=0.019..24.305 rows=25750 loops=1)
               Filter: ((status)::text <> 'del'::text)
               Rows Removed by Filter: 921
         ->  Seq Scan on t_portal_slave_custom t1  (cost=0.00..1570.12 rows=220 width=698) (actual time=8.275..8.275 rows=0 loops=25750)
               Filter: (((status)::text <> 'del'::text) AND ((owner)::text = '1'::text))
               Rows Removed by Filter: 44141
   ->  Index Scan using t_auth_business_pkey on t_auth_business t3  (cost=0.27..8.29 rows=1 width=436) (never executed)
         Index Cond: ((id)::text = (t2.businessid)::text)
         Filter: ((status)::text <> 'del'::text)
 Planning time: 0.482 ms
 Execution time: 213226.526 ms
(14 rows)
```

加了`analyze`可以看到实际的启动时间，`(actual time=213226.424..213226.439 rows=0 loops=1)`其中:

- actual time=213226.424..213226.439 `213226.424`表示的是启动的时间，`..`后面的时间表示返回所有行需要的时间
- rows=0 表示返回的行数

### 索引优化

尝试添加索引进行优化

#### 全表扫描

全表扫描在`pgsql`中叫做顺序扫描(`seq scan`)，全表扫描就是把表的的所有的数据从头到尾读取一遍，然后从数据块中找到符合条件的数据块。

#### 索引扫描

索引是为了加快数据查询的速度索引而增加的(`Index Scan`)。索引扫描也就是我们的查询条件使用到了我们创建的索引。

```sql
CREATE index t_portal_slave_custom_resid_index ON t_portal_slave_custom(resid);
```

执行索引完成之后explain 

```shell
basicframe=# explain SELECT t2. ID resid,                                                   
t1. ID slaveid, t2."name" resname, t1."name" || '*' slavename, t3."name" businessname, '' authmode, '' status, 
'' syncstatus, '' isshare, '' slavesync, '1' slavetype, t1.owner userId, '{}' "auth_time" FROM t_portal_slave_custom
 t1 JOIN t_auth_res t2 ON t2. ID = t1.resid AND t2.status != 'del' JOIN t_auth_business t3 ON t3. ID = t2.businessid AND 
t3.status != 'del' WHERE t1. OWNER = '1' AND t1.status != 'del' ;
                                                  QUERY PLAN                                                  
--------------------------------------------------------------------------------------------------------------
 Nested Loop  (cost=6.22..1153.96 rows=1 width=1346)
   ->  Nested Loop  (cost=5.95..1145.44 rows=1 width=1308)
         ->  Seq Scan on t_auth_res t2  (cost=0.00..621.00 rows=1 width=654)
               Filter: ((status)::text <> 'del'::text)
         ->  Bitmap Heap Scan on t_portal_slave_custom t1  (cost=5.95..524.43 rows=1 width=698)
               Recheck Cond: (resid = (t2.id)::bpchar)
               Filter: (((status)::text <> 'del'::text) AND ((owner)::text = '1'::text))
               ->  Bitmap Index Scan on t_portal_slave_custom_resid_index  (cost=0.00..5.95 rows=221 width=0)
                     Index Cond: (resid = (t2.id)::bpchar)
   ->  Index Scan using t_auth_business_pkey on t_auth_business t3  (cost=0.27..8.29 rows=1 width=436)
         Index Cond: ((id)::text = (t2.businessid)::text)
         Filter: ((status)::text <> 'del'::text)
(12 rows)
```

explain analyze

```shell
basicframe=# explain analyze SELECT t2. ID resid,                                           
t1. ID slaveid, t2."name" resname, t1."name" || '*' slavename, t3."name" businessname, '' authmode, '' status, 
'' syncstatus, '' isshare, '' slavesync, '1' slavetype, t1.owner userId, '{}' "auth_time" FROM t_portal_slave_custom
 t1 JOIN t_auth_res t2 ON t2. ID = t1.resid AND t2.status != 'del' JOIN t_auth_business t3 ON t3. ID = t2.businessid AND 
t3.status != 'del' WHERE t1. OWNER = '1' AND t1.status != 'del' ;
                                                                         QUERY PLAN                                                                         
------------------------------------------------------------------------------------------------------------------------------------------------------------
 Nested Loop  (cost=6.22..1153.96 rows=1 width=1346) (actual time=389.333..389.335 rows=0 loops=1)
   ->  Nested Loop  (cost=5.95..1145.44 rows=1 width=1308) (actual time=389.332..389.333 rows=0 loops=1)
         ->  Seq Scan on t_auth_res t2  (cost=0.00..621.00 rows=1 width=654) (actual time=0.016..18.298 rows=25750 loops=1)
               Filter: ((status)::text <> 'del'::text)
               Rows Removed by Filter: 921
         ->  Bitmap Heap Scan on t_portal_slave_custom t1  (cost=5.95..524.43 rows=1 width=698) (actual time=0.011..0.011 rows=0 loops=25750)
               Recheck Cond: (resid = (t2.id)::bpchar)
               Filter: (((status)::text <> 'del'::text) AND ((owner)::text = '1'::text))
               Rows Removed by Filter: 2
               Heap Blocks: exact=36585
               ->  Bitmap Index Scan on t_portal_slave_custom_resid_index  (cost=0.00..5.95 rows=221 width=0) (actual time=0.008..0.008 rows=2 loops=25750)
                     Index Cond: (resid = (t2.id)::bpchar)
   ->  Index Scan using t_auth_business_pkey on t_auth_business t3  (cost=0.27..8.29 rows=1 width=436) (never executed)
         Index Cond: ((id)::text = (t2.businessid)::text)
         Filter: ((status)::text <> 'del'::text)
 Planning time: 0.682 ms
 Execution time: 389.432 ms
(17 rows)
```

优化后Execution time

213226.526 ms -> 389.432 ms

明显发现优化结果执行差距。

### 索引删除遇到问题

在删除重建索引的过程中遇到的问题，发现无法删除索引，即删除索引时卡住，处理办法如下：

释放所有数据库链接

```sql
SELECT pg_terminate_backend(pg_stat_activity.pid) FROM pg_stat_activity WHERE datname='basicframe' AND pid<>pg_backend_pid();
 pg_terminate_backend;
```

再次执行以上sql语句，如果没有返回结果那么代表数据库连接都已经释放完。

连接释放完之后重新删除索引发现成功。

```sql
DROP INDEX status_index;
CREATE index t_portal_slave_custom_resid_index ON t_portal_slave_custom(resid);
```

sql慢

```
SELECT DISTINCT Z.* FROM ( SELECT DISTINCT res.ip, CASE WHEN res.resclass 
= 'sysres' THEN 'sys' ELSE'app' END AS resclass FROM t_auth_res res JOIN t_auth_r_master_slave 

ms ON ms.resid = res.ID JOIN t_auth_business b ON b. ID = res.businessid AND b.status != 'del' 

WHERE res.status = 'normal' AND ms.status = 'normal' AND ( ( now() BETWEEN ms.begintime AND ms.endtime )

 OR ( ms.begintime IS NULL AND ms.endtime IS NULL ) ) AND res.resclass = 'sysres' AND ms.masterid = '1' 

UNION ALL SELECT DISTINCT res.ip, CASE WHEN res.resclass = 'sysres' THEN 'sys' ELSE 'app' END AS resclass 

FROM t_auth_res res JOIN t_auth_r_master_group_slave tt ON tt.resid = res.ID JOIN t_auth_r_mastergroup_master 

t1 ON t1.mastergroupid = tt.groupid JOIN t_auth_business b ON b. ID = res.businessid AND b.status != 'del' 

WHERE res.status = 'normal' AND tt.status = 'normal' AND ( ( now() BETWEEN tt.begintime AND tt.endtime ) OR 

( tt.begintime IS NULL AND tt.endtime IS NULL ) ) AND res.resclass = 'sysres' AND t1.masterid = '1' ) Z WHERE 1 = 1 ORDER BY Z.ip
```

通过删除 status_index 索引解决

第二个sql

```
SELECT T .resid, T .slaveid, T .resname, T .slavename, T .businessname, T .authmode, 
T .status, T .syncstatus, T .isshare, T .slavesync, T .slavetype, T .userId,
 group_concat(T.begintime||'_'||T.endtime) "auth_time" FROM 

( 

SELECT t2. ID resid, t3. ID slaveid, t2."name" resname, t3."name" slavename, t4."name" businessname,
 t1."type" authmode, t3.status, t3.syncstatus, t3.isshare, t2.slavesync, '0' slavetype,
 t1.masterid userId, t1.begintime, t1.endtime FROM t_auth_r_master_slave t1 JOIN t_auth_res t2
 ON t2. ID = t1.resid AND t2.status != 'del' LEFT JOIN t_acc_slave t3 ON t3. ID = t1.slaveid AND
 t3.status != 'del' JOIN t_auth_business t4 ON t4. ID = t2.businessid AND t4.status != 'del' WHERE
 t1.masterid = '1' AND ( t1.begintime < now() AND t1.endtime > now() OR t1.begintime IS NULL AND t1.endtime IS NULL 
)

 AND t1.status != 'del' UNION ALL SELECT t2. ID resid, t3. ID slaveid, t2."name" resname, 

t3."name" slavename, t4."name" businessname, t1."type" authmode, t3.status, t3.syncstatus, 

t3.isshare, t2.slavesync, '0' slavetype, t5.masterid userId, t1.begintime, t1.endtime 

FROM t_auth_r_master_group_slave t1 JOIN t_auth_res t2 ON t2. ID = t1.resid AND t2.status != 'del' 

LEFT JOIN t_acc_slave t3 ON t3. ID = t1.slaveid AND t3.status != 'del' JOIN t_auth_business t4 

ON t4. ID = t2.businessid AND t4.status != 'del' JOIN t_auth_r_mastergroup_master t5 ON t5.mastergroupid 

= t1.groupid WHERE t5.masterid = '1' AND ( t1.begintime < now() AND t1.endtime > now() OR t1.begintime IS NULL AND t1.endtime IS NULL ) 
AND t1.status != 'del' 
) T GROUP BY T .resid, T .slaveid, T .resname, T .slavename, T .businessname, T .authmode, 
T .status, T .syncstatus, T .isshare, T .slavesync, T .slavetype, T .userId 
UNION ALL 
SELECT t2. ID resid, t1. ID slaveid, t2."name" resname, 
t1."name" || '*' slavename, t3."name" businessname, '' authmode, '' status, 
'' syncstatus, '' isshare, '' slavesync, '1' slavetype, t1.owner userId, '{}' "auth_time" FROM 
t_portal_slave_custom
 t1 
JOIN t_auth_res t2 
ON t2. ID = t1.resid AND t2.status != 'del' 
JOIN t_auth_business t3 ON t3. ID = t2.businessid AND 
t3.status != 'del' WHERE t1. OWNER = '1' AND t1.status != 'del' 
-- SELECT * FROM t_portal_slave_custom
```



## 节点类型

在EXPLAIN 命令的输出结果中可能包含多种类型的执行节点，我们可以大体分为几大类（参考彭智勇、彭煜玮编著的《PostgreSQL 数据库内核分析》）：

- 控制节点（Control Node)
- 扫描节点（ScanNode)
- 物化节点（Materialization Node)
- 连接节点（Join Node)

为了更有针对性，本文只介绍扫描节点。

### 扫描节点

扫描节点，简单来说就是为了扫描表的元组，每次获取一条元组（Bitmap Index Scan除外）作为上层节点的输入。当然严格的说，不光可以扫描表，还可以扫描函数的结果集、链表结构、子查询结果集等。

目前在PostgreSQL 中支持：

- Seq Scan，顺序扫描
- Index Scan，基于索引扫描，但不只是返回索引列的值
- IndexOnly Scan，基于索引扫描，并且只返回索引列的值，简称为覆盖索引
- BitmapIndex Scan，利用Bitmap 结构扫描
- BitmapHeap Scan，把BitmapIndex Scan 返回的Bitmap 结构转换为元组结构
- Tid Scan，用于扫描一个元组TID 数组
- Subquery Scan，扫描一个子查询
- Function Scan，处理含有函数的扫描
- TableFunc Scan，处理tablefunc 相关的扫描
- Values Scan，用于扫描Values 链表的扫描
- Cte Scan，用于扫描WITH 字句的结果集
- NamedTuplestore Scan，用于某些命名的结果集的扫描
- WorkTable Scan，用于扫描Recursive Union 的中间数据
- Foreign Scan，用于外键扫描
- Custom Scan，用于用户自定义的扫描

其中，我们将重点介绍最常用的几个：Seq Scan、Index Scan、IndexOnly Scan、BitmapIndex Scan、BitmapHeap Scan。

#### Seq Scan

Seq Scan 是全表顺序扫描，一般查询没有索引的表需要全表顺序扫描，例如下面的EXPLAIN 输出：

```csharp
postgres=> explain(ANALYZE,VERBOSE,BUFFERS) select * from class where st_no=2;
                                               QUERY PLAN
--------------------------------------------------------------------------------------------------------
 Seq Scan on public.class  (cost=0.00..26.00 rows=1 width=35) (actual time=0.136..0.141 rows=1 loops=1)
   Output: st_no, name
   Filter: (class.st_no = 2)
   Rows Removed by Filter: 1199
   Buffers: shared hit=11
 Planning time: 0.066 ms
 Execution time: 0.160 ms
```

其中：

- Seq Scan on public.class 表明了这个节点的类型和作用对象，即在class 表上进行了全表扫描
- (cost=0.00..26.00 rows=1 width=35) 表明了这个节点的代价估计，这部分我们将在下文节点代价估计信息中详细介绍
- (actual time=0.136..0.141 rows=1 loops=1) 表明了这个节点的真实执行信息，当EXPLAIN 命令中的ANALYZE选项为on时，会输出该项内容，具体的含义我们将在下文节点执行信息中详细介绍
- Output: st_no, name 表明了SQL 的输出结果集的各个列，当EXPLAIN 命令中的选项VERBOSE 为on时才会显示
- Filter: (class.st_no = 2) 表明了Seq Scan 节点之上的Filter 操作，即全表扫描时对每行记录进行过滤操作，过滤条件为class.st_no = 2
- Rows Removed by Filter: 1199 表明了过滤操作过滤了多少行记录，属于Seq Scan 节点的VERBOSE 信息，只有EXPLAIN 命令中的VERBOSE 选项为on 时才会显示
- Buffers: shared hit=11 表明了从共享缓存中命中了11 个BLOCK，属于Seq Scan 节点的BUFFERS 信息，只有EXPLAIN 命令中的BUFFERS 选项为on 时才会显示
- Planning time: 0.066 ms 表明了生成查询计划的时间
- Execution time: 0.160 ms 表明了实际的SQL 执行时间，其中不包括查询计划的生成时间

#### Index Scan

Index Scan 是索引扫描，主要用来在WHERE 条件中存在索引列时的扫描，如上面Seq Scan 中的查询如果在st_no 上创建索引，则EXPLAIN 输出如下：

```csharp
postgres=> explain(ANALYZE,VERBOSE,BUFFERS) select * from class where st_no=2;
                                                       QUERY PLAN
------------------------------------------------------------------------------------------------------------------------
 Index Scan using no_index on public.class  (cost=0.28..8.29 rows=1 width=35) (actual time=0.022..0.023 rows=1 loops=1)
   Output: st_no, name
   Index Cond: (class.st_no = 2)
   Buffers: shared hit=3
 Planning time: 0.119 ms
 Execution time: 0.060 ms
(6 rows)
```

其中：

- Index Scan using no_index on public.class 表明是使用的public.class 表的no_index 索引对表进行索引扫描的
- Index Cond: (class.st_no = 2) 表明索引扫描的条件是class.st_no = 2

可以看出，使用了索引之后，对相同表的相同条件的扫描速度变快了。这是因为从全表扫描变为索引扫描，通过Buffers: shared hit=3 可以看出，需要扫描的BLOCK（或者说元组）少了，所以需要的代价也就小了，速度也就快了。

#### IndexOnly Scan

IndexOnly Scan 是覆盖索引扫描，所需的返回结果能被所扫描的索引全部覆盖，例如上面Index Scan中的SQL 把“select * ” 修改为“select st_no” ，其EXPLAIN 结果输出如下：

```csharp
postgres=> explain(ANALYZE,VERBOSE,BUFFERS) select st_no from class where st_no=2;
                                                         QUERY PLAN
----------------------------------------------------------------------------------------------------------------------------
 Index Only Scan using no_index on public.class  (cost=0.28..4.29 rows=1 width=4) (actual time=0.015..0.016 rows=1 loops=1)
   Output: st_no
   Index Cond: (class.st_no = 2)
   Heap Fetches: 0
   Buffers: shared hit=3
 Planning time: 0.058 ms
 Execution time: 0.036 ms
(7 rows)
```

其中：

- Index Only Scan using no_index on public.class 表明使用public.class 表的no_index 索引对表进行覆盖索引扫描
- Heap Fetches 表明需要扫描数据块的个数。

虽然Index Only Scan 可以从索引直接输出结果。但是因为PostgreSQL MVCC 机制的实现，需要对扫描的元组进行可见性判断，即检查visibility MAP 文件。当新建表之后，如果没有进行过vacuum和autovacuum操作，这时还没有VM文件，而索引并没有保存记录的版本信息，索引Index Only Scan 还是需要扫描数据块（Heap Fetches 代表需要扫描的数据块个数）来获取版本信息，这个时候可能会比Index Scan 慢。

#### BitmapIndex Scan 与BitmapHeap Scan

BitmapIndex Scan 与Index Scan 很相似，都是基于索引的扫描，但是BitmapIndex Scan 节点每次执行返回的是一个位图而不是一个元组，其中位图中每位代表了一个扫描到的数据块。而BitmapHeap Scan一般会作为BitmapIndex Scan 的父节点，将BitmapIndex Scan 返回的位图转换为对应的元组。这样做最大的好处就是把Index Scan 的随机读转换成了按照数据块的物理顺序读取，在数据量比较大的时候，这会大大提升扫描的性能。

我们可以运行set enable_indexscan =off; 来指定关闭Index Scan ，上文中Index Scan 中SQL 的EXPLAIN 输出结果则变为：

```csharp
postgres=> explain(ANALYZE,VERBOSE,BUFFERS) select * from class where st_no=2;
                                                   QUERY PLAN
-----------------------------------------------------------------------------------------------------------------
 Bitmap Heap Scan on public.class  (cost=4.29..8.30 rows=1 width=35) (actual time=0.025..0.025 rows=1 loops=1)
   Output: st_no, name
   Recheck Cond: (class.st_no = 2)
   Heap Blocks: exact=1
   Buffers: shared hit=3
   ->  Bitmap Index Scan on no_index  (cost=0.00..4.29 rows=1 width=0) (actual time=0.019..0.019 rows=1 loops=1)
         Index Cond: (class.st_no = 2)
         Buffers: shared hit=2
 Planning time: 0.088 ms
 Execution time: 0.063 ms
(10 rows)
```

其中：

- Bitmap Index Scan on no_index 表明使用no_index 索引进行位图索引扫描
- Index Cond: (class.st_no = 2) 表明位图索引的条件为class.st_no = 2
- Bitmap Heap Scan on public.class 表明对public.class 表进行Bitmap Heap 扫描
- Recheck Cond: (class.st_no = 2) 表明Bitmap Heap Scan 的Recheck操作 的条件是class.st_no = 2，这是因为Bitmap Index Scan 节点返回的是位图，位图中每位代表了一个扫描到的数据块，通过位图可以定位到一些符合条件的数据块（这里是3，Buffers: shared hit=3），而Bitmap Heap Scan 则需要对每个数据块的元组进行Recheck
- Heap Blocks: exact=1 表明准确扫描到数据块的个数是1

至此，我们对这几种主要的扫描节点有了一些认识。一般来说：

- 大多数情况下，Index Scan 要比 Seq Scan 快。但是如果获取的结果集占所有数据的比重很大时，这时Index Scan 因为要先扫描索引再读表数据反而不如直接全表扫描来的快。
- 如果获取的结果集的占比比较小，但是元组数很多时，可能Bitmap Index Scan 的性能要比Index Scan 好。
- 如果获取的结果集能够被索引覆盖，则Index Only Scan 因为不用去读数据，只扫描索引，性能一般最好。但是如果VM 文件未生成，可能性能就会比Index Scan 要差。

上面的结论都是基于理论分析得到的结果，但是其实PostgreSQL 的EXPLAIN 命令中输出的cost，rows，width 等代价估计信息中已经展示了这些扫描节点或者其他节点的预估代价，通过对预估代价的比较，可以选择出最小代价的查询计划树。

### 代价估计信息

从上文可知，EXPLAIN 命令会在每个节点后面显示代价估计信息，包括cost、rows、width，这里将一一介绍。

在PostgreSQL 中，执行优化器会基于代价估计自动选择代价最小的查询计划树。而在EXPLAIN 命令的输出结果中每个cost 就是该执行节点的代价估计。它的格式是xxx..xxx，在.. 之前的是预估的启动代价，即找到符合该节点条件的第一个结果预估所需要的代价，在..之后的是预估的总代价。而父节点的启动代价包含子节点的总代价。

而在本文开头讲述PostgreSQL DBA 对慢SQL 的常见诊断方法就是使用EXPLAIN 命令，分析其中哪个节点cost （或者下文的 actual time ）最大，通过快速优化它达到优化慢SQL 的目的。

那cost 是怎么计算而来的呢？简单来说，是PostgreSQL 根据周期性收集到的统计信息（参考[PostgreSQL · 特性分析 · 统计信息计算方法](http://mysql.taobao.org/monthly/2016/05/09/)），按照一个代价估计模型计算而来的。其中会根据以下几个参数来作为代价估计的单位（详见[PostgreSQL 官方文档](https://www.postgresql.org/docs/10/runtime-config-query.html#RUNTIME-CONFIG-QUERY-CONSTANTS)）：

- seq_page_cost
- random_page_cost
- cpu_tuple_cost
- cpu_index_tuple_cost
- cpu_operator_cost
- parallel_setup_cost
- parallel_tuple_cost

其中，seq_page_cost 和random_page_cost 可以使用ALTER TABLESPACE 对每个TABLESPACE 进行修改。

代价估计信息中的其他两个，rows 代表预估的行数，width 代表预估的结果宽度，单位为字节。两者都是根据表的统计信息预估而来的。

### 真实执行信息

当EXPLAIN 命令中ANALYZE 选项为on时，会在代价估计信息之后输出真实执行信息，包括：

- actual time 执行时间，格式为xxx..xxx，在.. 之前的是该节点实际的启动时间，即找到符合该节点条件的第一个结果实际需要的时间，在..之后的是该节点实际的执行时间
- rows 指的是该节点实际的返回行数
- loops 指的是该节点实际的重启次数。如果一个计划节点在运行过程中，它的相关参数值（如绑定变量）发生了变化，就需要重新运行这个计划节点。

这里需要注意的是，代价估计信息一般是和真实执行信息比较相近的，即预估代价和实际时间成正比且返回结果集的行数相近。但是由于统计信息的时效性，有可能找到的预估代价最小的性能却很差，这就需要开发者调整参数或者主动执行vacuum analyze 命令对表的统计信息进行及时更新，保证PostgreSQL 的执行优化器能够找到相对较优的查询计划树。

## 总结

至此，我们分析了EXPLAIN 命令的语法和输出的整个结构，可以发现它的输出实际上是PostgreSQL 查询计划树的一个可视化的摘要。在执行优化器内部，就是依靠这些信息找到最优的查询计划树并执行。但是执行优化器不是万能的，由于统计信息不准确或者代价估计模型的问题，PostgreSQL 有可能得到一个性能比较差的查询计划树并执行。这需要做一些case by case 的优化，感兴趣的同学可以参考[《WHY IS MY INDEX NOT BEING USED》](http://www.postgresonline.com/journal/archives/78-Why-is-my-index-not-being-used.html) 和[《RDS for PG加入Plan Hint功能》](https://yq.aliyun.com/articles/3072) 等相关文章。

## 参考资料

[PgSQL · 最佳实践 · EXPLAIN 使用浅析](https://www.cnblogs.com/xueqiuqiu/articles/10999863.html)

[PostgreSQL 慢查询SQL跟踪操作](https://www.jb51.net/article/204841.htm)

[PostgreSQL常用命令.md](https://github.com/pitt1997/Valieva/blob/main/Alpha/%E6%8A%80%E6%9C%AF%E6%96%87%E7%AB%A0/%E6%95%B0%E6%8D%AE%E5%BA%93/PostgreSQL/PostgreSQL%E5%B8%B8%E7%94%A8%E5%91%BD%E4%BB%A4.md)
